0 info it worked if it ends with ok
1 verbose cli [ '/usr/local/bin/node',
1 verbose cli   '/usr/local/bin/npm',
1 verbose cli   'install',
1 verbose cli   'plugin.google.maps@1.3.9',
1 verbose cli   '--production',
1 verbose cli   '--no-save' ]
2 info using npm@3.10.10
3 info using node@v6.14.2
4 silly loadCurrentTree Starting
5 silly install loadCurrentTree
6 silly install readLocalPackageData
7 silly fetchPackageMetaData plugin.google.maps@1.3.9
8 silly fetchNamedPackageData plugin.google.maps
9 silly mapToRegistry name plugin.google.maps
10 silly mapToRegistry using default registry
11 silly mapToRegistry registry https://registry.npmjs.org/
12 silly mapToRegistry data Result {
12 silly mapToRegistry   raw: 'plugin.google.maps',
12 silly mapToRegistry   scope: null,
12 silly mapToRegistry   escapedName: 'plugin.google.maps',
12 silly mapToRegistry   name: 'plugin.google.maps',
12 silly mapToRegistry   rawSpec: '',
12 silly mapToRegistry   spec: 'latest',
12 silly mapToRegistry   type: 'tag' }
13 silly mapToRegistry uri https://registry.npmjs.org/plugin.google.maps
14 verbose request uri https://registry.npmjs.org/plugin.google.maps
15 verbose request no auth needed
16 info attempt registry request try #1 at 7:37:20 AM
17 verbose request id 904d618155429a6f
18 http request GET https://registry.npmjs.org/plugin.google.maps
19 http 404 https://registry.npmjs.org/plugin.google.maps
20 verbose headers { date: 'Tue, 17 Jul 2018 14:37:21 GMT',
20 verbose headers   'content-type': 'application/json',
20 verbose headers   'content-length': '21',
20 verbose headers   connection: 'keep-alive',
20 verbose headers   'set-cookie': [ '__cfduid=d07d166729147d3b1bb99ae61aef1167d1531838240; expires=Wed, 17-Jul-19 14:37:20 GMT; path=/; domain=.registry.npmjs.org; HttpOnly' ],
20 verbose headers   'cache-control': 'max-age=300',
20 verbose headers   'cf-cache-status': 'MISS',
20 verbose headers   'cf-ray': '43bd7229c9fe8975-MAA',
20 verbose headers   'expect-ct': 'max-age=604800, report-uri="https://report-uri.cloudflare.com/cdn-cgi/beacon/expect-ct"',
20 verbose headers   'npm-notice': 'Due to a recent security incident, all user tokens have been invalidated. Please see https://status.npmjs.org/incidents/dn7c1fgrr7ng for more details. To generate a new token, visit https://www.npmjs.com/settings/~/tokens or run "npm login".',
20 verbose headers   vary: 'accept-encoding, accept',
20 verbose headers   server: 'cloudflare' }
21 warn notice Due to a recent security incident, all user tokens have been invalidated. Please see https://status.npmjs.org/incidents/dn7c1fgrr7ng for more details. To generate a new token, visit https://www.npmjs.com/settings/~/tokens or run "npm login".
22 silly get cb [ 404,
22 silly get   { date: 'Tue, 17 Jul 2018 14:37:21 GMT',
22 silly get     'content-type': 'application/json',
22 silly get     'content-length': '21',
22 silly get     connection: 'keep-alive',
22 silly get     'set-cookie': [ '__cfduid=d07d166729147d3b1bb99ae61aef1167d1531838240; expires=Wed, 17-Jul-19 14:37:20 GMT; path=/; domain=.registry.npmjs.org; HttpOnly' ],
22 silly get     'cache-control': 'max-age=300',
22 silly get     'cf-cache-status': 'MISS',
22 silly get     'cf-ray': '43bd7229c9fe8975-MAA',
22 silly get     'expect-ct': 'max-age=604800, report-uri="https://report-uri.cloudflare.com/cdn-cgi/beacon/expect-ct"',
22 silly get     'npm-notice': 'Due to a recent security incident, all user tokens have been invalidated. Please see https://status.npmjs.org/incidents/dn7c1fgrr7ng for more details. To generate a new token, visit https://www.npmjs.com/settings/~/tokens or run "npm login".',
22 silly get     vary: 'accept-encoding, accept',
22 silly get     server: 'cloudflare' } ]
23 silly fetchPackageMetaData Error: Not found : plugin.google.maps
23 silly fetchPackageMetaData     at makeError (/usr/local/lib/node_modules/npm/node_modules/npm-registry-client/lib/request.js:302:12)
23 silly fetchPackageMetaData     at CachingRegistryClient.<anonymous> (/usr/local/lib/node_modules/npm/node_modules/npm-registry-client/lib/request.js:290:14)
23 silly fetchPackageMetaData     at Request._callback (/usr/local/lib/node_modules/npm/node_modules/npm-registry-client/lib/request.js:210:14)
23 silly fetchPackageMetaData     at Request.self.callback (/usr/local/lib/node_modules/npm/node_modules/request/request.js:187:22)
23 silly fetchPackageMetaData     at emitTwo (events.js:106:13)
23 silly fetchPackageMetaData     at Request.emit (events.js:191:7)
23 silly fetchPackageMetaData     at Request.<anonymous> (/usr/local/lib/node_modules/npm/node_modules/request/request.js:1048:10)
23 silly fetchPackageMetaData     at emitOne (events.js:96:13)
23 silly fetchPackageMetaData     at Request.emit (events.js:188:7)
23 silly fetchPackageMetaData     at IncomingMessage.<anonymous> (/usr/local/lib/node_modules/npm/node_modules/request/request.js:969:12)
23 silly fetchPackageMetaData  error for plugin.google.maps@1.3.9 { Error: Not found : plugin.google.maps
23 silly fetchPackageMetaData     at makeError (/usr/local/lib/node_modules/npm/node_modules/npm-registry-client/lib/request.js:302:12)
23 silly fetchPackageMetaData     at CachingRegistryClient.<anonymous> (/usr/local/lib/node_modules/npm/node_modules/npm-registry-client/lib/request.js:290:14)
23 silly fetchPackageMetaData     at Request._callback (/usr/local/lib/node_modules/npm/node_modules/npm-registry-client/lib/request.js:210:14)
23 silly fetchPackageMetaData     at Request.self.callback (/usr/local/lib/node_modules/npm/node_modules/request/request.js:187:22)
23 silly fetchPackageMetaData     at emitTwo (events.js:106:13)
23 silly fetchPackageMetaData     at Request.emit (events.js:191:7)
23 silly fetchPackageMetaData     at Request.<anonymous> (/usr/local/lib/node_modules/npm/node_modules/request/request.js:1048:10)
23 silly fetchPackageMetaData     at emitOne (events.js:96:13)
23 silly fetchPackageMetaData     at Request.emit (events.js:188:7)
23 silly fetchPackageMetaData     at IncomingMessage.<anonymous> (/usr/local/lib/node_modules/npm/node_modules/request/request.js:969:12) pkgid: 'plugin.google.maps', statusCode: 404, code: 'E404' }
24 silly rollbackFailedOptional Starting
25 silly rollbackFailedOptional Finishing
26 silly runTopLevelLifecycles Finishing
27 silly install printInstalled
28 verbose stack Error: Not found : plugin.google.maps
28 verbose stack     at makeError (/usr/local/lib/node_modules/npm/node_modules/npm-registry-client/lib/request.js:302:12)
28 verbose stack     at CachingRegistryClient.<anonymous> (/usr/local/lib/node_modules/npm/node_modules/npm-registry-client/lib/request.js:290:14)
28 verbose stack     at Request._callback (/usr/local/lib/node_modules/npm/node_modules/npm-registry-client/lib/request.js:210:14)
28 verbose stack     at Request.self.callback (/usr/local/lib/node_modules/npm/node_modules/request/request.js:187:22)
28 verbose stack     at emitTwo (events.js:106:13)
28 verbose stack     at Request.emit (events.js:191:7)
28 verbose stack     at Request.<anonymous> (/usr/local/lib/node_modules/npm/node_modules/request/request.js:1048:10)
28 verbose stack     at emitOne (events.js:96:13)
28 verbose stack     at Request.emit (events.js:188:7)
28 verbose stack     at IncomingMessage.<anonymous> (/usr/local/lib/node_modules/npm/node_modules/request/request.js:969:12)
29 verbose statusCode 404
30 verbose pkgid plugin.google.maps
31 verbose cwd /Volumes/DATA/PawanApps/SpaFooApp/SpaFooApp
32 error Darwin 17.5.0
33 error argv "/usr/local/bin/node" "/usr/local/bin/npm" "install" "plugin.google.maps@1.3.9" "--production" "--no-save"
34 error node v6.14.2
35 error npm  v3.10.10
36 error code E404
37 error 404 Not found : plugin.google.maps
38 error 404
39 error 404 'plugin.google.maps' is not in the npm registry.
40 error 404 You should bug the author to publish it (or use the name yourself!)
41 error 404 Note that you can also install from a
42 error 404 tarball, folder, http url, or git url.
43 verbose exit [ 1, true ]
